FILE_TYPE=LIBRARY_PARTS;
PRIMITIVE 'KTD500B157M99A0B00','KTD500B157M99A0B00_Other';
  PIN
    '1':
      PIN_NUMBER='(1)';
      NO_LOAD_CHECK=BOTH;
      NO_IO_CHECK=BOTH;
      ALLOW_CONNECT=TRUE;
      PINUSE='UNSPEC';
    '2':
      PIN_NUMBER='(2)';
      NO_LOAD_CHECK=BOTH;
      NO_IO_CHECK=BOTH;
      ALLOW_CONNECT=TRUE;
      PINUSE='UNSPEC';
  END_PIN;
  BODY
    PART_NAME='KTD500B157M99A0B00';
    PHYS_DES_PREFIX='C';
    NO_LOAD_CHECK='TRUE';
    PIN_COUNT='2';
    BODY_NAME='KTD500B157M99A0B00';
    JEDEC_TYPE='KTD500B157M99A0B00';
  END_BODY;
END_PRIMITIVE;
END.
