Change Component Designator: OldDesignator=CON2 NewDesignator=CON3
Change Component Designator: OldDesignator=CON5 NewDesignator=CON3
Added Component: Designator=CON5(Screw6x6)
Added Component: Designator=CON6(Screw6x6)
Added Pin To Net: NetName=GND Pin=CON3-1
Added Pin To Net: NetName=GND Pin=CON6-1
Added Pin To Net: NetName=Input1+ Pin=CON1-1
Added Net: Name=Input1+
Added Pin To Net: NetName=Input1- Pin=CON3-1
Added Net: Name=Input1-
Added Pin To Net: NetName=Input2+ Pin=CON4-1
Added Net: Name=Input2+
Added Pin To Net: NetName=Input2- Pin=CON5-1
Added Net: Name=Input2-
Added Member To Class: ClassName=Sheet1 Member=Component CON1 Screw_Connector
Added Member To Class: ClassName=Sheet1 Member=Component CON3 Screw_Connector
Added Member To Class: ClassName=Sheet1 Member=Component CON3 Screw_Connector
Added Member To Class: ClassName=Sheet1 Member=Component CON4 Screw_Connector
Added Member To Class: ClassName=Sheet1 Member=Component CON5 Screw_Connector
Added Member To Class: ClassName=Sheet1 Member=Component CON6 Screw_Connector
